<?xml version="1.0" encoding="UTF-8" ?>
<testsuites>
  <testsuite errors="0" failures="0" hostname="AppServer" id="0" name="UserIntegrationTests" package="com.maritimeco" tests="2" time="2.187" timestamp="2011-09-19T11:35:43">
      <properties />

      <testcase classname="com.maritimeco.UserIntegrationTests" name="testFirstSaveEver" time="2.157" />

      <testcase classname="com.maritimeco.UserIntegrationTests" name="testSomething" time="0.015" />

      <system-out><![CDATA[--Output from testFirstSaveEver--
--Output from testSomething--
]]></system-out>

      <system-err><![CDATA[--Output from testFirstSaveEver--
--Output from testSomething--
]]></system-err>

  </testsuite>
</testsuites>
